<?xml version="1.0" encoding="UTF-8"?>
<!-- Generated by org.testng.reporters.JUnitXMLReporter -->
<testsuite ignored="0" hostname="DESKTOP-FN82SNA" failures="0" tests="3" name="Default test" time="6.266" errors="0" timestamp="2024-01-09T16:51:05 IST">
  <testcase classname="com.SwagLabs.testScripts.LoginPageTest" name="verifyLoginFuncctionalityWithUsernameBlank" time="0.144"/>
  <testcase classname="com.SwagLabs.testScripts.LoginPageTest" name="verifyLoginWithBlankPassword" time="0.538"/>
  <testcase classname="com.SwagLabs.testScripts.LoginPageTest" name="verifyLoginWithInvalidUserNameAndPassword" time="0.243"/>
</testsuite> <!-- Default test -->
