<?xml version="1.0" encoding="UTF-8"?>
<testng-results ignored="0" total="3" passed="3" failed="0" skipped="0">
  <reporter-output>
  </reporter-output>
  <suite started-at="2024-01-09T16:50:59 IST" name="Default suite" finished-at="2024-01-09T16:51:05 IST" duration-ms="6266">
    <groups>
    </groups>
    <test started-at="2024-01-09T16:50:59 IST" name="Default test" finished-at="2024-01-09T16:51:05 IST" duration-ms="6266">
      <class name="com.SwagLabs.testScripts.LoginPageTest">
        <test-method is-config="true" signature="setup()[pri:0, instance:com.SwagLabs.testScripts.LoginPageTest@306f16f3]" started-at="2024-01-09T16:50:59 IST" name="setup" finished-at="2024-01-09T16:51:01 IST" duration-ms="2274" status="PASS">
          <reporter-output>
          </reporter-output>
        </test-method> <!-- setup -->
        <test-method signature="verifyLoginFuncctionalityWithUsernameBlank()[pri:0, instance:com.SwagLabs.testScripts.LoginPageTest@306f16f3]" started-at="2024-01-09T16:51:01 IST" name="verifyLoginFuncctionalityWithUsernameBlank" finished-at="2024-01-09T16:51:02 IST" duration-ms="144" status="PASS">
          <reporter-output>
          </reporter-output>
        </test-method> <!-- verifyLoginFuncctionalityWithUsernameBlank -->
        <test-method is-config="true" signature="teardown()[pri:0, instance:com.SwagLabs.testScripts.LoginPageTest@306f16f3]" started-at="2024-01-09T16:51:02 IST" name="teardown" finished-at="2024-01-09T16:51:02 IST" duration-ms="118" status="PASS">
          <reporter-output>
          </reporter-output>
        </test-method> <!-- teardown -->
        <test-method is-config="true" signature="setup()[pri:0, instance:com.SwagLabs.testScripts.LoginPageTest@306f16f3]" started-at="2024-01-09T16:51:02 IST" name="setup" finished-at="2024-01-09T16:51:03 IST" duration-ms="1325" status="PASS">
          <reporter-output>
          </reporter-output>
        </test-method> <!-- setup -->
        <test-method signature="verifyLoginWithBlankPassword()[pri:0, instance:com.SwagLabs.testScripts.LoginPageTest@306f16f3]" started-at="2024-01-09T16:51:03 IST" name="verifyLoginWithBlankPassword" finished-at="2024-01-09T16:51:04 IST" duration-ms="538" status="PASS">
          <reporter-output>
          </reporter-output>
        </test-method> <!-- verifyLoginWithBlankPassword -->
        <test-method is-config="true" signature="teardown()[pri:0, instance:com.SwagLabs.testScripts.LoginPageTest@306f16f3]" started-at="2024-01-09T16:51:04 IST" name="teardown" finished-at="2024-01-09T16:51:04 IST" duration-ms="94" status="PASS">
          <reporter-output>
          </reporter-output>
        </test-method> <!-- teardown -->
        <test-method is-config="true" signature="setup()[pri:0, instance:com.SwagLabs.testScripts.LoginPageTest@306f16f3]" started-at="2024-01-09T16:51:04 IST" name="setup" finished-at="2024-01-09T16:51:05 IST" duration-ms="1383" status="PASS">
          <reporter-output>
          </reporter-output>
        </test-method> <!-- setup -->
        <test-method signature="verifyLoginWithInvalidUserNameAndPassword()[pri:0, instance:com.SwagLabs.testScripts.LoginPageTest@306f16f3]" started-at="2024-01-09T16:51:05 IST" name="verifyLoginWithInvalidUserNameAndPassword" finished-at="2024-01-09T16:51:05 IST" duration-ms="243" status="PASS">
          <reporter-output>
          </reporter-output>
        </test-method> <!-- verifyLoginWithInvalidUserNameAndPassword -->
        <test-method is-config="true" signature="teardown()[pri:0, instance:com.SwagLabs.testScripts.LoginPageTest@306f16f3]" started-at="2024-01-09T16:51:05 IST" name="teardown" finished-at="2024-01-09T16:51:05 IST" duration-ms="108" status="PASS">
          <reporter-output>
          </reporter-output>
        </test-method> <!-- teardown -->
      </class> <!-- com.SwagLabs.testScripts.LoginPageTest -->
    </test> <!-- Default test -->
  </suite> <!-- Default suite -->
</testng-results>
